host: gpu04
Building DAG of jobs...
Using shell: /usr/bin/bash
Provided cores: 52
Rules claiming more threads will be scaled down.
Conda environments: ignored
Job stats:
job                    count
-------------------  -------
FPSV_detect                1
all                        1
model_check                1
signal_data_prepare        1
total                      4

Select jobs to execute...
Execute 1 jobs...

[Tue Nov 12 16:45:26 2024]
localrule FPSV_detect:
    input: test/align.paf
    output: test/hairpin.paf
    jobid: 4
    reason: Missing output files: test/hairpin.paf
    wildcards: out_dir=test
    resources: tmpdir=/tmp

[Tue Nov 12 16:45:59 2024]
Finished job 4.
1 of 4 steps (25%) done
Select jobs to execute...
Execute 1 jobs...

[Tue Nov 12 16:45:59 2024]
localrule signal_data_prepare:
    input: /public/home/xzh/../public-data/20240409-zymoGUTgenome/no_sample/20240409_1345_MN20987_FAX30441_7411df2a/fast5_pass, test/hairpin.paf
    output: test/hairpin.npy
    jobid: 3
    reason: Missing output files: test/hairpin.npy; Input files updated by another job: test/hairpin.paf
    wildcards: out_dir=test
    resources: tmpdir=/tmp

[Tue Nov 12 16:45:59 2024]
Error in rule signal_data_prepare:
    jobid: 3
    input: /public/home/xzh/../public-data/20240409-zymoGUTgenome/no_sample/20240409_1345_MN20987_FAX30441_7411df2a/fast5_pass, test/hairpin.paf
    output: test/hairpin.npy
    shell:
        python script/data_prepare.py --fast5 /public/home/xzh/../public-data/20240409-zymoGUTgenome/no_sample/20240409_1345_MN20987_FAX30441_7411df2a/fast5_pass --input_path test/hairpin.paf --save test/hairpin.npy --length 20000
        (one of the commands exited with non-zero exit code; note that snakemake uses bash strict mode!)

Shutting down, this might take some time.
Exiting because a job execution failed. Look above for error message
Complete log: .snakemake/log/2024-11-12T164526.633462.snakemake.log
WorkflowError:
At least one job did not complete successfully.
