host: gpu04
Building DAG of jobs...
Using shell: /usr/bin/bash
Provided cores: 52
Rules claiming more threads will be scaled down.
Conda environments: ignored
Job stats:
job         count
--------  -------
all             1
minimap2        1
total           2

Select jobs to execute...
Execute 1 jobs...

[Tue Nov 12 16:41:23 2024]
localrule minimap2:
    input: /public/home/xzh/chimera_anlysis/filt_result_v3/gut/all.fastq.gz, /public/home/xzh/reference/gut.fasta
    output: test/align.paf
    jobid: 1
    reason: Missing output files: test/align.paf
    wildcards: out_dir=test
    resources: tmpdir=/tmp

[Tue Nov 12 16:44:31 2024]
Finished job 1.
1 of 2 steps (50%) done
Select jobs to execute...
Execute 1 jobs...

[Tue Nov 12 16:44:31 2024]
localrule all:
    input: test/align.paf
    jobid: 0
    reason: Input files updated by another job: test/align.paf
    resources: tmpdir=/tmp

[Tue Nov 12 16:44:31 2024]
Finished job 0.
2 of 2 steps (100%) done
Complete log: .snakemake/log/2024-11-12T164123.141419.snakemake.log
