Building DAG of jobs...
Using shell: /usr/bin/bash
Provided cores: 52
Rules claiming more threads will be scaled down.
Job stats:
job                    count
-------------------  -------
FPSV_detect                1
all                        1
minimap2                   1
model_check                1
signal_data_prepare        1
total                      5

Select jobs to execute...

[Wed Nov 13 12:59:37 2024]
rule minimap2:
    input: /public/home/xzh/chimera_anlysis/filt_result_v3/gut/all.fastq.gz, /public/home/xzh/reference/gut.fasta
    output: FP-SVdector/test/align.paf
    jobid: 1
    reason: Missing output files: FP-SVdector/test/align.paf
    wildcards: out_dir=FP-SVdector/test
    resources: tmpdir=/tmp

Terminating processes on user request, this might take some time.
[Wed Nov 13 13:00:29 2024]
Error in rule minimap2:
    jobid: 1
    input: /public/home/xzh/chimera_anlysis/filt_result_v3/gut/all.fastq.gz, /public/home/xzh/reference/gut.fasta
    output: FP-SVdector/test/align.paf
    shell:
        minimap2 -x map-ont -t 24 -c /public/home/xzh/reference/gut.fasta /public/home/xzh/chimera_anlysis/filt_result_v3/gut/all.fastq.gz | sort -k 1,1 -k 6,6 | awk '$12>=60' > FP-SVdector/test/align.paf
        (one of the commands exited with non-zero exit code; note that snakemake uses bash strict mode!)

Complete log: .snakemake/log/2024-11-13T125931.963686.snakemake.log
