Building DAG of jobs...
Using shell: /usr/bin/bash
Provided cores: 52
Rules claiming more threads will be scaled down.
Job stats:
job                    count
-------------------  -------
FPSV_detect                1
all                        1
chimeric                   1
model_check                1
signal_data_prepare        1
total                      5

Select jobs to execute...

[Wed Nov 13 15:23:26 2024]
rule FPSV_detect:
    input: test/align.paf
    output: test/hairpin.paf
    jobid: 4
    reason: Code has changed since last execution
    wildcards: out_dir=test
    resources: tmpdir=/tmp


[Wed Nov 13 15:23:26 2024]
rule chimeric:
    input: test/align.paf
    output: test/cross.paf, test/within.paf
    jobid: 5
    reason: Missing output files: test/cross.paf
    wildcards: out_dir=test
    resources: tmpdir=/tmp

[Wed Nov 13 15:24:02 2024]
Finished job 4.
1 of 5 steps (20%) done
Select jobs to execute...

[Wed Nov 13 15:24:02 2024]
rule signal_data_prepare:
    input: /public/home/xzh/../public-data/20240409-zymoGUTgenome/no_sample/20240409_1345_MN20987_FAX30441_7411df2a/fast5_pass, test/hairpin.paf
    output: test/hairpin.npy
    jobid: 3
    reason: Input files updated by another job: test/hairpin.paf
    wildcards: out_dir=test
    resources: tmpdir=/tmp

[Wed Nov 13 15:26:52 2024]
Finished job 5.
2 of 5 steps (40%) done
[Wed Nov 13 15:28:10 2024]
Finished job 3.
3 of 5 steps (60%) done
Select jobs to execute...

[Wed Nov 13 15:28:10 2024]
rule model_check:
    input: test/hairpin.npy
    output: test/FP-SVs_reads_id.txt
    log: test/model_check.log
    jobid: 2
    reason: Input files updated by another job: test/hairpin.npy
    wildcards: out_dir=test
    resources: tmpdir=/tmp

[Wed Nov 13 15:28:29 2024]
Finished job 2.
4 of 5 steps (80%) done
Select jobs to execute...

[Wed Nov 13 15:28:29 2024]
localrule all:
    input: test/align.paf, test/FP-SVs_reads_id.txt, test/cross.paf
    jobid: 0
    reason: Input files updated by another job: test/cross.paf, test/FP-SVs_reads_id.txt
    resources: tmpdir=/tmp

[Wed Nov 13 15:28:29 2024]
Finished job 0.
5 of 5 steps (100%) done
Complete log: .snakemake/log/2024-11-13T152324.789276.snakemake.log
